0 info it worked if it ends with ok
1 verbose cli [ '/home/kory/.nvm/versions/node/v4.1.2/bin/node',
1 verbose cli   '/home/kory/.nvm/versions/node/v4.1.2/bin/npm',
1 verbose cli   'run',
1 verbose cli   'watch' ]
2 info using npm@2.14.4
3 info using node@v4.1.2
4 verbose stack Error: missing script: watch
4 verbose stack     at run (/home/kory/.nvm/versions/node/v4.1.2/lib/node_modules/npm/lib/run-script.js:142:19)
4 verbose stack     at /home/kory/.nvm/versions/node/v4.1.2/lib/node_modules/npm/lib/run-script.js:58:5
4 verbose stack     at /home/kory/.nvm/versions/node/v4.1.2/lib/node_modules/npm/node_modules/read-package-json/read-json.js:345:5
4 verbose stack     at checkBinReferences_ (/home/kory/.nvm/versions/node/v4.1.2/lib/node_modules/npm/node_modules/read-package-json/read-json.js:309:45)
4 verbose stack     at final (/home/kory/.nvm/versions/node/v4.1.2/lib/node_modules/npm/node_modules/read-package-json/read-json.js:343:3)
4 verbose stack     at then (/home/kory/.nvm/versions/node/v4.1.2/lib/node_modules/npm/node_modules/read-package-json/read-json.js:113:5)
4 verbose stack     at /home/kory/.nvm/versions/node/v4.1.2/lib/node_modules/npm/node_modules/read-package-json/read-json.js:232:12
4 verbose stack     at /home/kory/.nvm/versions/node/v4.1.2/lib/node_modules/npm/node_modules/graceful-fs/graceful-fs.js:76:16
4 verbose stack     at FSReqWrap.readFileAfterClose [as oncomplete] (fs.js:380:3)
5 verbose cwd /home/kory/dev/route-tree
6 error Linux 3.19.0-31-generic
7 error argv "/home/kory/.nvm/versions/node/v4.1.2/bin/node" "/home/kory/.nvm/versions/node/v4.1.2/bin/npm" "run" "watch"
8 error node v4.1.2
9 error npm  v2.14.4
10 error missing script: watch
11 error If you need help, you may report this error at:
11 error     <https://github.com/npm/npm/issues>
12 verbose exit [ 1, true ]
